<?xml version="1.0" encoding="UTF-8"?>
<testsuite xmlns:xsi="http://www.w3.org/2001/XMLSchema-instance" xsi:noNamespaceSchemaLocation="https://maven.apache.org/surefire/maven-surefire-plugin/xsd/surefire-test-report-3.0.xsd" version="3.0" name="TestSuite" time="52.904" tests="8" errors="0" skipped="4" failures="2">
  <properties>
[...]
</properties>
  <testcase name="startDriver[SAFAR](0)" classname="org.selenium.pom.tests.MyFirstTestCase" time="0.288">
    <failure message="No enum constant org.selenium.pom.constants.DriverType.SAFAR" type="java.lang.IllegalArgumentException"><![CDATA[java.lang.IllegalArgumentException: No enum constant org.selenium.pom.constants.DriverType.SAFAR
]]></failure>
  </testcase>
  <testcase name="startDriver[SAFAR](0)" classname="org.selenium.pom.tests.MyFirstTestCase" time="0.289">
    <failure message="No enum constant org.selenium.pom.constants.DriverType.SAFAR" type="java.lang.IllegalArgumentException"><![CDATA[java.lang.IllegalArgumentException: No enum constant org.selenium.pom.constants.DriverType.SAFAR
]]></failure>
  </testcase>
  <testcase name="guestCheckoutUsingDirectBankTransfer" classname="org.selenium.pom.tests.MyFirstTestCase" time="0">
    <skipped message="No enum constant org.selenium.pom.constants.DriverType.SAFAR"/>
  </testcase>
  <testcase name="guestCheckoutUsingDirectBankTransfer" classname="org.selenium.pom.tests.MyFirstTestCase" time="21.245">
    <system-out><![CDATA[CURRENT THREAD15, DRIVER = ChromeDriver: chrome on MAC (a951d2d4136dde7fe4a6b283789424b2)
CURRENT THREAD17, DRIVER = ChromeDriver: chrome on MAC (1207da878cf8ba72e0f539df9ec2c96d)
]]></system-out>
    <system-err><![CDATA[SLF4J: Failed to load class "org.slf4j.impl.StaticLoggerBinder".
SLF4J: Defaulting to no-operation (NOP) logger implementation
SLF4J: See http://www.slf4j.org/codes.html#StaticLoggerBinder for further details.
Starting ChromeDriver 96.0.4664.4S5t a(r7t6ien4cg1 bCbhr2oambeD4r6iv7e1rb 89b6e.ba03.444646e46.1c405f 1(77568e44cb12bfbc2-arbe4f6s7/1bbranch8-bheebaad3s4/4446e6641@c0{f#1974578}4)b 2ofcn- rpeofrst/ b5r7a2n2c8h
-Ohnelayd sl/o46c64a@l{# 9c4o7n}n)e cotni opnosr ta r5e4 9a9l0l
oOnwled.
Pylea sle soeec hattlp s:c/o/ncnhercotmieodnsri vaerre. cahrlolmoiwuemd..o
rPgl/esaesceu rsiete yh-tctopnss:i/de/rchatriomonesd rfiover rs.cuhggersotmiiounms. oorn kge/espeicnugr iCthyr-ocmoenDsriidveerr atsiaofnes. f
orC hsrugogmeestDiornsi ovne kree piwnga Csh rosmetDrairvetr esadf e.s
uCchrcoemesDrsifvuerl wlays .st
arted successfully.
Dec 20, 2021 10:23:44 AM org.openqa.selenium.remote.ProtocolHandshake createSession
INFO: Detected dialect: W3C
Dec 20, 2021 10:23:45 AM org.openqa.selenium.devtools.CdpVersionFinder findNearestMatch
INFO: Found exact CDP implementation for version 96
Dec 20, 2021 10:23:45 AM org.openqa.selenium.remote.ProtocolHandshake createSession
INFO: Detected dialect: W3C
Dec 20, 2021 10:23:45 AM org.openqa.selenium.devtools.CdpVersionFinder findNearestMatch
INFO: Found exact CDP implementation for version 96
]]></system-err>
  </testcase>
  <testcase name="loginAndCheckoutUsingDirectBankTransfer" classname="org.selenium.pom.tests.MyFirstTestCase" time="0">
    <skipped message="No enum constant org.selenium.pom.constants.DriverType.SAFAR"/>
  </testcase>
  <testcase name="loginAndCheckoutUsingDirectBankTransfer" classname="org.selenium.pom.tests.MyFirstTestCase" time="28.132">
    <system-out><![CDATA[CURRENT THREAD15, DRIVER = ChromeDriver: chrome on MAC (a951d2d4136dde7fe4a6b283789424b2)
]]></system-out>
  </testcase>
  <testcase name="quitDriver" classname="org.selenium.pom.tests.MyFirstTestCase" time="0">
    <skipped/>
  </testcase>
  <testcase name="quitDriver" classname="org.selenium.pom.tests.MyFirstTestCase" time="0">
    <skipped/>
  </testcase>
</testsuite>